2019-06-30 23:04:05,232 INFO org.springframework.boot.StartupInfoLogger [main] Starting HelloControllerTest on isa-pc with PID 1123 (started by isa in /home/isa/git/github/javabyexamples/spring-mvc-1)
2019-06-30 23:04:05,234 INFO org.springframework.boot.SpringApplication [main] No active profile set, falling back to default profiles: default
2019-06-30 23:04:06,354 INFO org.springframework.scheduling.concurrent.ExecutorConfigurationSupport [main] Initializing ExecutorService 'applicationTaskExecutor'
2019-06-30 23:04:06,572 INFO org.springframework.mock.web.MockServletContext [main] Initializing Spring TestDispatcherServlet ''
2019-06-30 23:04:06,572 INFO org.springframework.web.servlet.FrameworkServlet [main] Initializing Servlet ''
2019-06-30 23:04:06,581 INFO org.springframework.web.servlet.FrameworkServlet [main] Completed initialization in 9 ms
2019-06-30 23:04:06,602 INFO org.springframework.boot.StartupInfoLogger [main] Started HelloControllerTest in 1.695 seconds (JVM running for 2.24)
2019-06-30 23:04:06,778 INFO com.javabyexamples.spring.mvc1.mdc.filter.HelloController [main] Entered hello endpoint
2019-06-30 23:04:06,800 INFO org.springframework.scheduling.concurrent.ExecutorConfigurationSupport [Thread-3] Shutting down ExecutorService 'applicationTaskExecutor'
2019-06-30 23:05:16,784 INFO org.springframework.boot.StartupInfoLogger [main] Starting HelloControllerTest on isa-pc with PID 1290 (started by isa in /home/isa/git/github/javabyexamples/spring-mvc-1)
2019-06-30 23:05:16,785 INFO org.springframework.boot.SpringApplication [main] The following profiles are active: mdc
2019-06-30 23:05:17,910 INFO org.springframework.scheduling.concurrent.ExecutorConfigurationSupport [main] Initializing ExecutorService 'applicationTaskExecutor'
2019-06-30 23:05:18,174 INFO org.springframework.mock.web.MockServletContext [main] Initializing Spring TestDispatcherServlet ''
2019-06-30 23:05:18,175 INFO org.springframework.web.servlet.FrameworkServlet [main] Initializing Servlet ''
2019-06-30 23:05:18,186 INFO org.springframework.web.servlet.FrameworkServlet [main] Completed initialization in 11 ms
2019-06-30 23:05:18,212 INFO org.springframework.boot.StartupInfoLogger [main] Started HelloControllerTest in 1.769 seconds (JVM running for 2.365)
2019-06-30 23:05:18,406 INFO com.javabyexamples.spring.mvc1.mdc.filter.HelloController [main] Entered hello endpoint
2019-06-30 23:05:18,428 INFO org.springframework.scheduling.concurrent.ExecutorConfigurationSupport [Thread-3] Shutting down ExecutorService 'applicationTaskExecutor'
2019-06-30 23:06:08,193 INFO org.springframework.boot.StartupInfoLogger [main] Starting HelloControllerTest on isa-pc with PID 1421 (started by isa in /home/isa/git/github/javabyexamples/spring-mvc-1)
2019-06-30 23:06:08,194 INFO org.springframework.boot.SpringApplication [main] The following profiles are active: mdc
2019-06-30 23:06:09,243 INFO org.springframework.scheduling.concurrent.ExecutorConfigurationSupport [main] Initializing ExecutorService 'applicationTaskExecutor'
2019-06-30 23:06:09,565 INFO org.springframework.mock.web.MockServletContext [main] Initializing Spring TestDispatcherServlet ''
2019-06-30 23:06:09,566 INFO org.springframework.web.servlet.FrameworkServlet [main] Initializing Servlet ''
2019-06-30 23:06:09,603 INFO org.springframework.web.servlet.FrameworkServlet [main] Completed initialization in 36 ms
2019-06-30 23:06:09,641 INFO org.springframework.boot.StartupInfoLogger [main] Started HelloControllerTest in 1.786 seconds (JVM running for 2.368)
2019-06-30 23:06:09,840 INFO com.javabyexamples.spring.mvc1.mdc.filter.HelloController [main] Entered hello endpoint
2019-06-30 23:06:09,863 INFO org.springframework.scheduling.concurrent.ExecutorConfigurationSupport [Thread-3] Shutting down ExecutorService 'applicationTaskExecutor'
2019-06-30 23:06:27,934 INFO org.springframework.boot.StartupInfoLogger [main] Starting HelloControllerTest on isa-pc with PID 1557 (started by isa in /home/isa/git/github/javabyexamples/spring-mvc-1)
2019-06-30 23:06:27,936 INFO org.springframework.boot.SpringApplication [main] The following profiles are active: mdc
2019-06-30 23:06:29,059 INFO org.springframework.scheduling.concurrent.ExecutorConfigurationSupport [main] Initializing ExecutorService 'applicationTaskExecutor'
2019-06-30 23:06:29,324 INFO org.springframework.mock.web.MockServletContext [main] Initializing Spring TestDispatcherServlet ''
2019-06-30 23:06:29,325 INFO org.springframework.web.servlet.FrameworkServlet [main] Initializing Servlet ''
2019-06-30 23:06:29,333 INFO org.springframework.web.servlet.FrameworkServlet [main] Completed initialization in 8 ms
2019-06-30 23:06:29,352 INFO org.springframework.boot.StartupInfoLogger [main] Started HelloControllerTest in 1.745 seconds (JVM running for 2.321)
2019-06-30 23:06:29,535 INFO com.javabyexamples.spring.mvc1.mdc.filter.HelloController [main] Entered hello endpoint
2019-06-30 23:06:29,535 INFO com.javabyexamples.spring.mvc1.mdc.filter.HelloService [main] saying Hello
2019-06-30 23:06:29,556 INFO org.springframework.scheduling.concurrent.ExecutorConfigurationSupport [Thread-3] Shutting down ExecutorService 'applicationTaskExecutor'
